

Started GET "/" for ::1 at 2016-03-08 14:36:13 -0600
  [1m[36mActiveRecord::SchemaMigration Load (0.3ms)[0m  [1mSELECT "schema_migrations".* FROM "schema_migrations"[0m
Processing by MoviesController#index as HTML
  [1m[35mMovie Load (0.5ms)[0m  SELECT "movies".* FROM "movies"
  [1m[36m (0.4ms)[0m  [1mSELECT COUNT(*) FROM "ratings" WHERE "ratings"."ratable_id" = $1 AND "ratings"."ratable_type" = $2[0m  [["ratable_id", 1], ["ratable_type", "Movie"]]
  [1m[35m (0.2ms)[0m  SELECT SUM("ratings"."value") FROM "ratings" WHERE "ratings"."ratable_id" = $1 AND "ratings"."ratable_type" = $2  [["ratable_id", 1], ["ratable_type", "Movie"]]
  [1m[36mCACHE (0.0ms)[0m  [1mSELECT COUNT(*) FROM "ratings" WHERE "ratings"."ratable_id" = $1 AND "ratings"."ratable_type" = $2[0m  [["ratable_id", 1], ["ratable_type", "Movie"]]
  [1m[35m (0.2ms)[0m  SELECT COUNT(*) FROM "ratings" WHERE "ratings"."ratable_id" = $1 AND "ratings"."ratable_type" = $2  [["ratable_id", 2], ["ratable_type", "Movie"]]
  [1m[36m (0.3ms)[0m  [1mSELECT SUM("ratings"."value") FROM "ratings" WHERE "ratings"."ratable_id" = $1 AND "ratings"."ratable_type" = $2[0m  [["ratable_id", 2], ["ratable_type", "Movie"]]
  [1m[35mCACHE (0.0ms)[0m  SELECT COUNT(*) FROM "ratings" WHERE "ratings"."ratable_id" = $1 AND "ratings"."ratable_type" = $2  [["ratable_id", 2], ["ratable_type", "Movie"]]
  [1m[36m (0.2ms)[0m  [1mSELECT COUNT(*) FROM "ratings" WHERE "ratings"."ratable_id" = $1 AND "ratings"."ratable_type" = $2[0m  [["ratable_id", 3], ["ratable_type", "Movie"]]
  [1m[35m (0.2ms)[0m  SELECT SUM("ratings"."value") FROM "ratings" WHERE "ratings"."ratable_id" = $1 AND "ratings"."ratable_type" = $2  [["ratable_id", 3], ["ratable_type", "Movie"]]
  [1m[36mCACHE (0.0ms)[0m  [1mSELECT COUNT(*) FROM "ratings" WHERE "ratings"."ratable_id" = $1 AND "ratings"."ratable_type" = $2[0m  [["ratable_id", 3], ["ratable_type", "Movie"]]
  [1m[35m (0.2ms)[0m  SELECT COUNT(*) FROM "ratings" WHERE "ratings"."ratable_id" = $1 AND "ratings"."ratable_type" = $2  [["ratable_id", 4], ["ratable_type", "Movie"]]
  [1m[36m (0.2ms)[0m  [1mSELECT SUM("ratings"."value") FROM "ratings" WHERE "ratings"."ratable_id" = $1 AND "ratings"."ratable_type" = $2[0m  [["ratable_id", 4], ["ratable_type", "Movie"]]
  [1m[35mCACHE (0.0ms)[0m  SELECT COUNT(*) FROM "ratings" WHERE "ratings"."ratable_id" = $1 AND "ratings"."ratable_type" = $2  [["ratable_id", 4], ["ratable_type", "Movie"]]
  [1m[36m (0.2ms)[0m  [1mSELECT COUNT(*) FROM "ratings" WHERE "ratings"."ratable_id" = $1 AND "ratings"."ratable_type" = $2[0m  [["ratable_id", 5], ["ratable_type", "Movie"]]
  [1m[35m (0.2ms)[0m  SELECT SUM("ratings"."value") FROM "ratings" WHERE "ratings"."ratable_id" = $1 AND "ratings"."ratable_type" = $2  [["ratable_id", 5], ["ratable_type", "Movie"]]
  [1m[36mCACHE (0.0ms)[0m  [1mSELECT COUNT(*) FROM "ratings" WHERE "ratings"."ratable_id" = $1 AND "ratings"."ratable_type" = $2[0m  [["ratable_id", 5], ["ratable_type", "Movie"]]
  [1m[35m (0.2ms)[0m  SELECT COUNT(*) FROM "ratings" WHERE "ratings"."ratable_id" = $1 AND "ratings"."ratable_type" = $2  [["ratable_id", 6], ["ratable_type", "Movie"]]
  [1m[36m (0.2ms)[0m  [1mSELECT SUM("ratings"."value") FROM "ratings" WHERE "ratings"."ratable_id" = $1 AND "ratings"."ratable_type" = $2[0m  [["ratable_id", 6], ["ratable_type", "Movie"]]
  [1m[35mCACHE (0.0ms)[0m  SELECT COUNT(*) FROM "ratings" WHERE "ratings"."ratable_id" = $1 AND "ratings"."ratable_type" = $2  [["ratable_id", 6], ["ratable_type", "Movie"]]
  [1m[36m (0.1ms)[0m  [1mSELECT COUNT(*) FROM "ratings" WHERE "ratings"."ratable_id" = $1 AND "ratings"."ratable_type" = $2[0m  [["ratable_id", 7], ["ratable_type", "Movie"]]
  [1m[35m (0.1ms)[0m  SELECT SUM("ratings"."value") FROM "ratings" WHERE "ratings"."ratable_id" = $1 AND "ratings"."ratable_type" = $2  [["ratable_id", 7], ["ratable_type", "Movie"]]
  [1m[36mCACHE (0.0ms)[0m  [1mSELECT COUNT(*) FROM "ratings" WHERE "ratings"."ratable_id" = $1 AND "ratings"."ratable_type" = $2[0m  [["ratable_id", 7], ["ratable_type", "Movie"]]
  [1m[35m (0.1ms)[0m  SELECT COUNT(*) FROM "ratings" WHERE "ratings"."ratable_id" = $1 AND "ratings"."ratable_type" = $2  [["ratable_id", 8], ["ratable_type", "Movie"]]
  [1m[36m (0.1ms)[0m  [1mSELECT SUM("ratings"."value") FROM "ratings" WHERE "ratings"."ratable_id" = $1 AND "ratings"."ratable_type" = $2[0m  [["ratable_id", 8], ["ratable_type", "Movie"]]
  [1m[35mCACHE (0.0ms)[0m  SELECT COUNT(*) FROM "ratings" WHERE "ratings"."ratable_id" = $1 AND "ratings"."ratable_type" = $2  [["ratable_id", 8], ["ratable_type", "Movie"]]
  [1m[36m (0.1ms)[0m  [1mSELECT COUNT(*) FROM "ratings" WHERE "ratings"."ratable_id" = $1 AND "ratings"."ratable_type" = $2[0m  [["ratable_id", 9], ["ratable_type", "Movie"]]
  [1m[35m (0.1ms)[0m  SELECT SUM("ratings"."value") FROM "ratings" WHERE "ratings"."ratable_id" = $1 AND "ratings"."ratable_type" = $2  [["ratable_id", 9], ["ratable_type", "Movie"]]
  [1m[36mCACHE (0.0ms)[0m  [1mSELECT COUNT(*) FROM "ratings" WHERE "ratings"."ratable_id" = $1 AND "ratings"."ratable_type" = $2[0m  [["ratable_id", 9], ["ratable_type", "Movie"]]
  [1m[35m (0.1ms)[0m  SELECT COUNT(*) FROM "ratings" WHERE "ratings"."ratable_id" = $1 AND "ratings"."ratable_type" = $2  [["ratable_id", 10], ["ratable_type", "Movie"]]
  [1m[36m (0.1ms)[0m  [1mSELECT SUM("ratings"."value") FROM "ratings" WHERE "ratings"."ratable_id" = $1 AND "ratings"."ratable_type" = $2[0m  [["ratable_id", 10], ["ratable_type", "Movie"]]
  [1m[35mCACHE (0.0ms)[0m  SELECT COUNT(*) FROM "ratings" WHERE "ratings"."ratable_id" = $1 AND "ratings"."ratable_type" = $2  [["ratable_id", 10], ["ratable_type", "Movie"]]
  [1m[36m (0.1ms)[0m  [1mSELECT COUNT(*) FROM "ratings" WHERE "ratings"."ratable_id" = $1 AND "ratings"."ratable_type" = $2[0m  [["ratable_id", 11], ["ratable_type", "Movie"]]
  [1m[35m (0.1ms)[0m  SELECT SUM("ratings"."value") FROM "ratings" WHERE "ratings"."ratable_id" = $1 AND "ratings"."ratable_type" = $2  [["ratable_id", 11], ["ratable_type", "Movie"]]
  [1m[36mCACHE (0.0ms)[0m  [1mSELECT COUNT(*) FROM "ratings" WHERE "ratings"."ratable_id" = $1 AND "ratings"."ratable_type" = $2[0m  [["ratable_id", 11], ["ratable_type", "Movie"]]
  [1m[35m (0.2ms)[0m  SELECT COUNT(*) FROM "ratings" WHERE "ratings"."ratable_id" = $1 AND "ratings"."ratable_type" = $2  [["ratable_id", 12], ["ratable_type", "Movie"]]
  [1m[36m (0.1ms)[0m  [1mSELECT SUM("ratings"."value") FROM "ratings" WHERE "ratings"."ratable_id" = $1 AND "ratings"."ratable_type" = $2[0m  [["ratable_id", 12], ["ratable_type", "Movie"]]
  [1m[35mCACHE (0.0ms)[0m  SELECT COUNT(*) FROM "ratings" WHERE "ratings"."ratable_id" = $1 AND "ratings"."ratable_type" = $2  [["ratable_id", 12], ["ratable_type", "Movie"]]
  [1m[36m (0.1ms)[0m  [1mSELECT COUNT(*) FROM "ratings" WHERE "ratings"."ratable_id" = $1 AND "ratings"."ratable_type" = $2[0m  [["ratable_id", 13], ["ratable_type", "Movie"]]
  [1m[35m (0.1ms)[0m  SELECT SUM("ratings"."value") FROM "ratings" WHERE "ratings"."ratable_id" = $1 AND "ratings"."ratable_type" = $2  [["ratable_id", 13], ["ratable_type", "Movie"]]
  [1m[36mCACHE (0.0ms)[0m  [1mSELECT COUNT(*) FROM "ratings" WHERE "ratings"."ratable_id" = $1 AND "ratings"."ratable_type" = $2[0m  [["ratable_id", 13], ["ratable_type", "Movie"]]
  [1m[35m (0.1ms)[0m  SELECT COUNT(*) FROM "ratings" WHERE "ratings"."ratable_id" = $1 AND "ratings"."ratable_type" = $2  [["ratable_id", 14], ["ratable_type", "Movie"]]
  [1m[36m (0.1ms)[0m  [1mSELECT SUM("ratings"."value") FROM "ratings" WHERE "ratings"."ratable_id" = $1 AND "ratings"."ratable_type" = $2[0m  [["ratable_id", 14], ["ratable_type", "Movie"]]
  [1m[35mCACHE (0.0ms)[0m  SELECT COUNT(*) FROM "ratings" WHERE "ratings"."ratable_id" = $1 AND "ratings"."ratable_type" = $2  [["ratable_id", 14], ["ratable_type", "Movie"]]
  [1m[36m (0.1ms)[0m  [1mSELECT COUNT(*) FROM "ratings" WHERE "ratings"."ratable_id" = $1 AND "ratings"."ratable_type" = $2[0m  [["ratable_id", 15], ["ratable_type", "Movie"]]
  [1m[35m (0.1ms)[0m  SELECT SUM("ratings"."value") FROM "ratings" WHERE "ratings"."ratable_id" = $1 AND "ratings"."ratable_type" = $2  [["ratable_id", 15], ["ratable_type", "Movie"]]
  [1m[36mCACHE (0.0ms)[0m  [1mSELECT COUNT(*) FROM "ratings" WHERE "ratings"."ratable_id" = $1 AND "ratings"."ratable_type" = $2[0m  [["ratable_id", 15], ["ratable_type", "Movie"]]
  [1m[35m (0.1ms)[0m  SELECT COUNT(*) FROM "ratings" WHERE "ratings"."ratable_id" = $1 AND "ratings"."ratable_type" = $2  [["ratable_id", 16], ["ratable_type", "Movie"]]
  [1m[36m (0.1ms)[0m  [1mSELECT SUM("ratings"."value") FROM "ratings" WHERE "ratings"."ratable_id" = $1 AND "ratings"."ratable_type" = $2[0m  [["ratable_id", 16], ["ratable_type", "Movie"]]
  [1m[35mCACHE (0.0ms)[0m  SELECT COUNT(*) FROM "ratings" WHERE "ratings"."ratable_id" = $1 AND "ratings"."ratable_type" = $2  [["ratable_id", 16], ["ratable_type", "Movie"]]
  [1m[36m (0.1ms)[0m  [1mSELECT COUNT(*) FROM "ratings" WHERE "ratings"."ratable_id" = $1 AND "ratings"."ratable_type" = $2[0m  [["ratable_id", 17], ["ratable_type", "Movie"]]
  [1m[35m (0.1ms)[0m  SELECT SUM("ratings"."value") FROM "ratings" WHERE "ratings"."ratable_id" = $1 AND "ratings"."ratable_type" = $2  [["ratable_id", 17], ["ratable_type", "Movie"]]
  [1m[36mCACHE (0.0ms)[0m  [1mSELECT COUNT(*) FROM "ratings" WHERE "ratings"."ratable_id" = $1 AND "ratings"."ratable_type" = $2[0m  [["ratable_id", 17], ["ratable_type", "Movie"]]
  [1m[35m (0.1ms)[0m  SELECT COUNT(*) FROM "ratings" WHERE "ratings"."ratable_id" = $1 AND "ratings"."ratable_type" = $2  [["ratable_id", 18], ["ratable_type", "Movie"]]
  [1m[36m (0.1ms)[0m  [1mSELECT SUM("ratings"."value") FROM "ratings" WHERE "ratings"."ratable_id" = $1 AND "ratings"."ratable_type" = $2[0m  [["ratable_id", 18], ["ratable_type", "Movie"]]
  [1m[35mCACHE (0.0ms)[0m  SELECT COUNT(*) FROM "ratings" WHERE "ratings"."ratable_id" = $1 AND "ratings"."ratable_type" = $2  [["ratable_id", 18], ["ratable_type", "Movie"]]
  [1m[36m (0.2ms)[0m  [1mSELECT COUNT(*) FROM "ratings" WHERE "ratings"."ratable_id" = $1 AND "ratings"."ratable_type" = $2[0m  [["ratable_id", 19], ["ratable_type", "Movie"]]
  [1m[35m (0.1ms)[0m  SELECT SUM("ratings"."value") FROM "ratings" WHERE "ratings"."ratable_id" = $1 AND "ratings"."ratable_type" = $2  [["ratable_id", 19], ["ratable_type", "Movie"]]
  [1m[36mCACHE (0.0ms)[0m  [1mSELECT COUNT(*) FROM "ratings" WHERE "ratings"."ratable_id" = $1 AND "ratings"."ratable_type" = $2[0m  [["ratable_id", 19], ["ratable_type", "Movie"]]
  [1m[35m (0.1ms)[0m  SELECT COUNT(*) FROM "ratings" WHERE "ratings"."ratable_id" = $1 AND "ratings"."ratable_type" = $2  [["ratable_id", 20], ["ratable_type", "Movie"]]
  [1m[36m (0.1ms)[0m  [1mSELECT SUM("ratings"."value") FROM "ratings" WHERE "ratings"."ratable_id" = $1 AND "ratings"."ratable_type" = $2[0m  [["ratable_id", 20], ["ratable_type", "Movie"]]
  [1m[35mCACHE (0.0ms)[0m  SELECT COUNT(*) FROM "ratings" WHERE "ratings"."ratable_id" = $1 AND "ratings"."ratable_type" = $2  [["ratable_id", 20], ["ratable_type", "Movie"]]
  [1m[36mGenre Load (0.4ms)[0m  [1mSELECT "genres".* FROM "genres"[0m
  [1m[35m (0.3ms)[0m  SELECT COUNT(*) FROM "movies" INNER JOIN "categorizations" ON "movies"."id" = "categorizations"."movie_id" WHERE "categorizations"."genre_id" = $1  [["genre_id", 1]]
  [1m[36m (0.2ms)[0m  [1mSELECT COUNT(*) FROM "movies" INNER JOIN "categorizations" ON "movies"."id" = "categorizations"."movie_id" WHERE "categorizations"."genre_id" = $1[0m  [["genre_id", 2]]
  [1m[35m (0.2ms)[0m  SELECT COUNT(*) FROM "movies" INNER JOIN "categorizations" ON "movies"."id" = "categorizations"."movie_id" WHERE "categorizations"."genre_id" = $1  [["genre_id", 3]]
  [1m[36m (0.2ms)[0m  [1mSELECT COUNT(*) FROM "movies" INNER JOIN "categorizations" ON "movies"."id" = "categorizations"."movie_id" WHERE "categorizations"."genre_id" = $1[0m  [["genre_id", 4]]
  [1m[35m (0.2ms)[0m  SELECT COUNT(*) FROM "movies" INNER JOIN "categorizations" ON "movies"."id" = "categorizations"."movie_id" WHERE "categorizations"."genre_id" = $1  [["genre_id", 5]]
  [1m[36m (0.2ms)[0m  [1mSELECT COUNT(*) FROM "movies" INNER JOIN "categorizations" ON "movies"."id" = "categorizations"."movie_id" WHERE "categorizations"."genre_id" = $1[0m  [["genre_id", 6]]
  [1m[35m (0.1ms)[0m  SELECT COUNT(*) FROM "movies" INNER JOIN "categorizations" ON "movies"."id" = "categorizations"."movie_id" WHERE "categorizations"."genre_id" = $1  [["genre_id", 7]]
  [1m[36m (0.1ms)[0m  [1mSELECT COUNT(*) FROM "movies" INNER JOIN "categorizations" ON "movies"."id" = "categorizations"."movie_id" WHERE "categorizations"."genre_id" = $1[0m  [["genre_id", 8]]
  [1m[35m (0.1ms)[0m  SELECT COUNT(*) FROM "movies" INNER JOIN "categorizations" ON "movies"."id" = "categorizations"."movie_id" WHERE "categorizations"."genre_id" = $1  [["genre_id", 9]]
  [1m[36m (0.2ms)[0m  [1mSELECT COUNT(*) FROM "movies" INNER JOIN "categorizations" ON "movies"."id" = "categorizations"."movie_id" WHERE "categorizations"."genre_id" = $1[0m  [["genre_id", 10]]
  [1m[35mCACHE (0.0ms)[0m  SELECT COUNT(*) FROM "ratings" WHERE "ratings"."ratable_id" = $1 AND "ratings"."ratable_type" = $2  [["ratable_id", 20], ["ratable_type", "Movie"]]
  [1m[36mCACHE (0.0ms)[0m  [1mSELECT SUM("ratings"."value") FROM "ratings" WHERE "ratings"."ratable_id" = $1 AND "ratings"."ratable_type" = $2[0m  [["ratable_id", 20], ["ratable_type", "Movie"]]
  [1m[35mCACHE (0.0ms)[0m  SELECT COUNT(*) FROM "ratings" WHERE "ratings"."ratable_id" = $1 AND "ratings"."ratable_type" = $2  [["ratable_id", 20], ["ratable_type", "Movie"]]
  [1m[36mCACHE (0.0ms)[0m  [1mSELECT COUNT(*) FROM "ratings" WHERE "ratings"."ratable_id" = $1 AND "ratings"."ratable_type" = $2[0m  [["ratable_id", 16], ["ratable_type", "Movie"]]
  [1m[35mCACHE (0.0ms)[0m  SELECT SUM("ratings"."value") FROM "ratings" WHERE "ratings"."ratable_id" = $1 AND "ratings"."ratable_type" = $2  [["ratable_id", 16], ["ratable_type", "Movie"]]
  [1m[36mCACHE (0.0ms)[0m  [1mSELECT COUNT(*) FROM "ratings" WHERE "ratings"."ratable_id" = $1 AND "ratings"."ratable_type" = $2[0m  [["ratable_id", 16], ["ratable_type", "Movie"]]
  [1m[35mCACHE (0.0ms)[0m  SELECT COUNT(*) FROM "ratings" WHERE "ratings"."ratable_id" = $1 AND "ratings"."ratable_type" = $2  [["ratable_id", 11], ["ratable_type", "Movie"]]
  [1m[36mCACHE (0.0ms)[0m  [1mSELECT SUM("ratings"."value") FROM "ratings" WHERE "ratings"."ratable_id" = $1 AND "ratings"."ratable_type" = $2[0m  [["ratable_id", 11], ["ratable_type", "Movie"]]
  [1m[35mCACHE (0.0ms)[0m  SELECT COUNT(*) FROM "ratings" WHERE "ratings"."ratable_id" = $1 AND "ratings"."ratable_type" = $2  [["ratable_id", 11], ["ratable_type", "Movie"]]
  [1m[36mCACHE (0.0ms)[0m  [1mSELECT COUNT(*) FROM "ratings" WHERE "ratings"."ratable_id" = $1 AND "ratings"."ratable_type" = $2[0m  [["ratable_id", 14], ["ratable_type", "Movie"]]
  [1m[35mCACHE (0.0ms)[0m  SELECT SUM("ratings"."value") FROM "ratings" WHERE "ratings"."ratable_id" = $1 AND "ratings"."ratable_type" = $2  [["ratable_id", 14], ["ratable_type", "Movie"]]
  [1m[36mCACHE (0.0ms)[0m  [1mSELECT COUNT(*) FROM "ratings" WHERE "ratings"."ratable_id" = $1 AND "ratings"."ratable_type" = $2[0m  [["ratable_id", 14], ["ratable_type", "Movie"]]
  [1m[35mCACHE (0.0ms)[0m  SELECT COUNT(*) FROM "ratings" WHERE "ratings"."ratable_id" = $1 AND "ratings"."ratable_type" = $2  [["ratable_id", 8], ["ratable_type", "Movie"]]
  [1m[36mCACHE (0.0ms)[0m  [1mSELECT SUM("ratings"."value") FROM "ratings" WHERE "ratings"."ratable_id" = $1 AND "ratings"."ratable_type" = $2[0m  [["ratable_id", 8], ["ratable_type", "Movie"]]
  [1m[35mCACHE (0.0ms)[0m  SELECT COUNT(*) FROM "ratings" WHERE "ratings"."ratable_id" = $1 AND "ratings"."ratable_type" = $2  [["ratable_id", 8], ["ratable_type", "Movie"]]
  [1m[36mCACHE (0.0ms)[0m  [1mSELECT COUNT(*) FROM "ratings" WHERE "ratings"."ratable_id" = $1 AND "ratings"."ratable_type" = $2[0m  [["ratable_id", 13], ["ratable_type", "Movie"]]
  [1m[35mCACHE (0.0ms)[0m  SELECT SUM("ratings"."value") FROM "ratings" WHERE "ratings"."ratable_id" = $1 AND "ratings"."ratable_type" = $2  [["ratable_id", 13], ["ratable_type", "Movie"]]
  [1m[36mCACHE (0.0ms)[0m  [1mSELECT COUNT(*) FROM "ratings" WHERE "ratings"."ratable_id" = $1 AND "ratings"."ratable_type" = $2[0m  [["ratable_id", 13], ["ratable_type", "Movie"]]
  [1m[35mCACHE (0.0ms)[0m  SELECT COUNT(*) FROM "ratings" WHERE "ratings"."ratable_id" = $1 AND "ratings"."ratable_type" = $2  [["ratable_id", 1], ["ratable_type", "Movie"]]
  [1m[36mCACHE (0.0ms)[0m  [1mSELECT SUM("ratings"."value") FROM "ratings" WHERE "ratings"."ratable_id" = $1 AND "ratings"."ratable_type" = $2[0m  [["ratable_id", 1], ["ratable_type", "Movie"]]
  [1m[35mCACHE (0.0ms)[0m  SELECT COUNT(*) FROM "ratings" WHERE "ratings"."ratable_id" = $1 AND "ratings"."ratable_type" = $2  [["ratable_id", 1], ["ratable_type", "Movie"]]
  [1m[36mCACHE (0.0ms)[0m  [1mSELECT COUNT(*) FROM "ratings" WHERE "ratings"."ratable_id" = $1 AND "ratings"."ratable_type" = $2[0m  [["ratable_id", 5], ["ratable_type", "Movie"]]
  [1m[35mCACHE (0.0ms)[0m  SELECT SUM("ratings"."value") FROM "ratings" WHERE "ratings"."ratable_id" = $1 AND "ratings"."ratable_type" = $2  [["ratable_id", 5], ["ratable_type", "Movie"]]
  [1m[36mCACHE (0.0ms)[0m  [1mSELECT COUNT(*) FROM "ratings" WHERE "ratings"."ratable_id" = $1 AND "ratings"."ratable_type" = $2[0m  [["ratable_id", 5], ["ratable_type", "Movie"]]
  [1m[35mCACHE (0.0ms)[0m  SELECT COUNT(*) FROM "ratings" WHERE "ratings"."ratable_id" = $1 AND "ratings"."ratable_type" = $2  [["ratable_id", 3], ["ratable_type", "Movie"]]
  [1m[36mCACHE (0.0ms)[0m  [1mSELECT SUM("ratings"."value") FROM "ratings" WHERE "ratings"."ratable_id" = $1 AND "ratings"."ratable_type" = $2[0m  [["ratable_id", 3], ["ratable_type", "Movie"]]
  [1m[35mCACHE (0.0ms)[0m  SELECT COUNT(*) FROM "ratings" WHERE "ratings"."ratable_id" = $1 AND "ratings"."ratable_type" = $2  [["ratable_id", 3], ["ratable_type", "Movie"]]
  [1m[36mCACHE (0.0ms)[0m  [1mSELECT COUNT(*) FROM "ratings" WHERE "ratings"."ratable_id" = $1 AND "ratings"."ratable_type" = $2[0m  [["ratable_id", 18], ["ratable_type", "Movie"]]
  [1m[35mCACHE (0.0ms)[0m  SELECT SUM("ratings"."value") FROM "ratings" WHERE "ratings"."ratable_id" = $1 AND "ratings"."ratable_type" = $2  [["ratable_id", 18], ["ratable_type", "Movie"]]
  [1m[36mCACHE (0.0ms)[0m  [1mSELECT COUNT(*) FROM "ratings" WHERE "ratings"."ratable_id" = $1 AND "ratings"."ratable_type" = $2[0m  [["ratable_id", 18], ["ratable_type", "Movie"]]
  [1m[35mReview Load (0.7ms)[0m  SELECT  "reviews".* FROM "reviews"  ORDER BY "reviews"."created_at" ASC LIMIT 10
  [1m[36mMovie Load (0.2ms)[0m  [1mSELECT  "movies".* FROM "movies" WHERE "movies"."id" = $1 LIMIT 1[0m  [["id", 1]]
  [1m[35mUser Load (0.2ms)[0m  SELECT  "users".* FROM "users" WHERE "users"."id" = $1 LIMIT 1  [["id", 2]]
  [1m[36mCACHE (0.0ms)[0m  [1mSELECT  "movies".* FROM "movies" WHERE "movies"."id" = $1 LIMIT 1[0m  [["id", 1]]
  [1m[35mUser Load (0.2ms)[0m  SELECT  "users".* FROM "users" WHERE "users"."id" = $1 LIMIT 1  [["id", 3]]
  [1m[36mCACHE (0.0ms)[0m  [1mSELECT  "movies".* FROM "movies" WHERE "movies"."id" = $1 LIMIT 1[0m  [["id", 1]]
  [1m[35mCACHE (0.0ms)[0m  SELECT  "users".* FROM "users" WHERE "users"."id" = $1 LIMIT 1  [["id", 3]]
  [1m[36mMovie Load (0.2ms)[0m  [1mSELECT  "movies".* FROM "movies" WHERE "movies"."id" = $1 LIMIT 1[0m  [["id", 2]]
  [1m[35mUser Load (0.2ms)[0m  SELECT  "users".* FROM "users" WHERE "users"."id" = $1 LIMIT 1  [["id", 1]]
  [1m[36mCACHE (0.0ms)[0m  [1mSELECT  "movies".* FROM "movies" WHERE "movies"."id" = $1 LIMIT 1[0m  [["id", 2]]
  [1m[35mCACHE (0.0ms)[0m  SELECT  "users".* FROM "users" WHERE "users"."id" = $1 LIMIT 1  [["id", 1]]
  [1m[36mCACHE (0.0ms)[0m  [1mSELECT  "movies".* FROM "movies" WHERE "movies"."id" = $1 LIMIT 1[0m  [["id", 2]]
  [1m[35mCACHE (0.0ms)[0m  SELECT  "users".* FROM "users" WHERE "users"."id" = $1 LIMIT 1  [["id", 2]]
  [1m[36mMovie Load (0.2ms)[0m  [1mSELECT  "movies".* FROM "movies" WHERE "movies"."id" = $1 LIMIT 1[0m  [["id", 3]]
  [1m[35mCACHE (0.0ms)[0m  SELECT  "users".* FROM "users" WHERE "users"."id" = $1 LIMIT 1  [["id", 2]]
  [1m[36mCACHE (0.0ms)[0m  [1mSELECT  "movies".* FROM "movies" WHERE "movies"."id" = $1 LIMIT 1[0m  [["id", 3]]
  [1m[35mUser Load (0.2ms)[0m  SELECT  "users".* FROM "users" WHERE "users"."id" = $1 LIMIT 1  [["id", 5]]
  [1m[36mCACHE (0.0ms)[0m  [1mSELECT  "movies".* FROM "movies" WHERE "movies"."id" = $1 LIMIT 1[0m  [["id", 3]]
  [1m[35mCACHE (0.0ms)[0m  SELECT  "users".* FROM "users" WHERE "users"."id" = $1 LIMIT 1  [["id", 2]]
  [1m[36mMovie Load (0.2ms)[0m  [1mSELECT  "movies".* FROM "movies" WHERE "movies"."id" = $1 LIMIT 1[0m  [["id", 4]]
  [1m[35mCACHE (0.0ms)[0m  SELECT  "users".* FROM "users" WHERE "users"."id" = $1 LIMIT 1  [["id", 5]]
  Rendered movies/index.html.erb within layouts/application (56.0ms)
  [1m[36mUser Load (0.3ms)[0m  [1mSELECT  "users".* FROM "users" WHERE "users"."id" IS NULL LIMIT 1[0m
Completed 200 OK in 178ms (Views: 71.6ms | ActiveRecord: 17.3ms)


Started GET "/" for ::1 at 2016-03-08 14:36:20 -0600
Processing by MoviesController#index as HTML
  [1m[35mMovie Load (0.2ms)[0m  SELECT "movies".* FROM "movies"
  [1m[36m (0.1ms)[0m  [1mSELECT COUNT(*) FROM "ratings" WHERE "ratings"."ratable_id" = $1 AND "ratings"."ratable_type" = $2[0m  [["ratable_id", 1], ["ratable_type", "Movie"]]
  [1m[35m (0.1ms)[0m  SELECT SUM("ratings"."value") FROM "ratings" WHERE "ratings"."ratable_id" = $1 AND "ratings"."ratable_type" = $2  [["ratable_id", 1], ["ratable_type", "Movie"]]
  [1m[36mCACHE (0.0ms)[0m  [1mSELECT COUNT(*) FROM "ratings" WHERE "ratings"."ratable_id" = $1 AND "ratings"."ratable_type" = $2[0m  [["ratable_id", 1], ["ratable_type", "Movie"]]
  [1m[35m (0.1ms)[0m  SELECT COUNT(*) FROM "ratings" WHERE "ratings"."ratable_id" = $1 AND "ratings"."ratable_type" = $2  [["ratable_id", 2], ["ratable_type", "Movie"]]
  [1m[36m (0.1ms)[0m  [1mSELECT SUM("ratings"."value") FROM "ratings" WHERE "ratings"."ratable_id" = $1 AND "ratings"."ratable_type" = $2[0m  [["ratable_id", 2], ["ratable_type", "Movie"]]
  [1m[35mCACHE (0.0ms)[0m  SELECT COUNT(*) FROM "ratings" WHERE "ratings"."ratable_id" = $1 AND "ratings"."ratable_type" = $2  [["ratable_id", 2], ["ratable_type", "Movie"]]
  [1m[36m (0.1ms)[0m  [1mSELECT COUNT(*) FROM "ratings" WHERE "ratings"."ratable_id" = $1 AND "ratings"."ratable_type" = $2[0m  [["ratable_id", 3], ["ratable_type", "Movie"]]
  [1m[35m (0.2ms)[0m  SELECT SUM("ratings"."value") FROM "ratings" WHERE "ratings"."ratable_id" = $1 AND "ratings"."ratable_type" = $2  [["ratable_id", 3], ["ratable_type", "Movie"]]
  [1m[36mCACHE (0.0ms)[0m  [1mSELECT COUNT(*) FROM "ratings" WHERE "ratings"."ratable_id" = $1 AND "ratings"."ratable_type" = $2[0m  [["ratable_id", 3], ["ratable_type", "Movie"]]
  [1m[35m (0.3ms)[0m  SELECT COUNT(*) FROM "ratings" WHERE "ratings"."ratable_id" = $1 AND "ratings"."ratable_type" = $2  [["ratable_id", 4], ["ratable_type", "Movie"]]
  [1m[36m (0.2ms)[0m  [1mSELECT SUM("ratings"."value") FROM "ratings" WHERE "ratings"."ratable_id" = $1 AND "ratings"."ratable_type" = $2[0m  [["ratable_id", 4], ["ratable_type", "Movie"]]
  [1m[35mCACHE (0.0ms)[0m  SELECT COUNT(*) FROM "ratings" WHERE "ratings"."ratable_id" = $1 AND "ratings"."ratable_type" = $2  [["ratable_id", 4], ["ratable_type", "Movie"]]
  [1m[36m (0.1ms)[0m  [1mSELECT COUNT(*) FROM "ratings" WHERE "ratings"."ratable_id" = $1 AND "ratings"."ratable_type" = $2[0m  [["ratable_id", 5], ["ratable_type", "Movie"]]
  [1m[35m (0.1ms)[0m  SELECT SUM("ratings"."value") FROM "ratings" WHERE "ratings"."ratable_id" = $1 AND "ratings"."ratable_type" = $2  [["ratable_id", 5], ["ratable_type", "Movie"]]
  [1m[36mCACHE (0.0ms)[0m  [1mSELECT COUNT(*) FROM "ratings" WHERE "ratings"."ratable_id" = $1 AND "ratings"."ratable_type" = $2[0m  [["ratable_id", 5], ["ratable_type", "Movie"]]
  [1m[35m (0.1ms)[0m  SELECT COUNT(*) FROM "ratings" WHERE "ratings"."ratable_id" = $1 AND "ratings"."ratable_type" = $2  [["ratable_id", 6], ["ratable_type", "Movie"]]
  [1m[36m (0.1ms)[0m  [1mSELECT SUM("ratings"."value") FROM "ratings" WHERE "ratings"."ratable_id" = $1 AND "ratings"."ratable_type" = $2[0m  [["ratable_id", 6], ["ratable_type", "Movie"]]
  [1m[35mCACHE (0.0ms)[0m  SELECT COUNT(*) FROM "ratings" WHERE "ratings"."ratable_id" = $1 AND "ratings"."ratable_type" = $2  [["ratable_id", 6], ["ratable_type", "Movie"]]
  [1m[36m (0.1ms)[0m  [1mSELECT COUNT(*) FROM "ratings" WHERE "ratings"."ratable_id" = $1 AND "ratings"."ratable_type" = $2[0m  [["ratable_id", 7], ["ratable_type", "Movie"]]
  [1m[35m (0.1ms)[0m  SELECT SUM("ratings"."value") FROM "ratings" WHERE "ratings"."ratable_id" = $1 AND "ratings"."ratable_type" = $2  [["ratable_id", 7], ["ratable_type", "Movie"]]
  [1m[36mCACHE (0.0ms)[0m  [1mSELECT COUNT(*) FROM "ratings" WHERE "ratings"."ratable_id" = $1 AND "ratings"."ratable_type" = $2[0m  [["ratable_id", 7], ["ratable_type", "Movie"]]
  [1m[35m (0.1ms)[0m  SELECT COUNT(*) FROM "ratings" WHERE "ratings"."ratable_id" = $1 AND "ratings"."ratable_type" = $2  [["ratable_id", 8], ["ratable_type", "Movie"]]
  [1m[36m (0.1ms)[0m  [1mSELECT SUM("ratings"."value") FROM "ratings" WHERE "ratings"."ratable_id" = $1 AND "ratings"."ratable_type" = $2[0m  [["ratable_id", 8], ["ratable_type", "Movie"]]
  [1m[35mCACHE (0.0ms)[0m  SELECT COUNT(*) FROM "ratings" WHERE "ratings"."ratable_id" = $1 AND "ratings"."ratable_type" = $2  [["ratable_id", 8], ["ratable_type", "Movie"]]
  [1m[36m (0.2ms)[0m  [1mSELECT COUNT(*) FROM "ratings" WHERE "ratings"."ratable_id" = $1 AND "ratings"."ratable_type" = $2[0m  [["ratable_id", 9], ["ratable_type", "Movie"]]
  [1m[35m (0.1ms)[0m  SELECT SUM("ratings"."value") FROM "ratings" WHERE "ratings"."ratable_id" = $1 AND "ratings"."ratable_type" = $2  [["ratable_id", 9], ["ratable_type", "Movie"]]
  [1m[36mCACHE (0.0ms)[0m  [1mSELECT COUNT(*) FROM "ratings" WHERE "ratings"."ratable_id" = $1 AND "ratings"."ratable_type" = $2[0m  [["ratable_id", 9], ["ratable_type", "Movie"]]
  [1m[35m (0.1ms)[0m  SELECT COUNT(*) FROM "ratings" WHERE "ratings"."ratable_id" = $1 AND "ratings"."ratable_type" = $2  [["ratable_id", 10], ["ratable_type", "Movie"]]
  [1m[36m (0.1ms)[0m  [1mSELECT SUM("ratings"."value") FROM "ratings" WHERE "ratings"."ratable_id" = $1 AND "ratings"."ratable_type" = $2[0m  [["ratable_id", 10], ["ratable_type", "Movie"]]
  [1m[35mCACHE (0.0ms)[0m  SELECT COUNT(*) FROM "ratings" WHERE "ratings"."ratable_id" = $1 AND "ratings"."ratable_type" = $2  [["ratable_id", 10], ["ratable_type", "Movie"]]
  [1m[36m (0.1ms)[0m  [1mSELECT COUNT(*) FROM "ratings" WHERE "ratings"."ratable_id" = $1 AND "ratings"."ratable_type" = $2[0m  [["ratable_id", 11], ["ratable_type", "Movie"]]
  [1m[35m (0.1ms)[0m  SELECT SUM("ratings"."value") FROM "ratings" WHERE "ratings"."ratable_id" = $1 AND "ratings"."ratable_type" = $2  [["ratable_id", 11], ["ratable_type", "Movie"]]
  [1m[36mCACHE (0.0ms)[0m  [1mSELECT COUNT(*) FROM "ratings" WHERE "ratings"."ratable_id" = $1 AND "ratings"."ratable_type" = $2[0m  [["ratable_id", 11], ["ratable_type", "Movie"]]
  [1m[35m (0.1ms)[0m  SELECT COUNT(*) FROM "ratings" WHERE "ratings"."ratable_id" = $1 AND "ratings"."ratable_type" = $2  [["ratable_id", 12], ["ratable_type", "Movie"]]
  [1m[36m (0.1ms)[0m  [1mSELECT SUM("ratings"."value") FROM "ratings" WHERE "ratings"."ratable_id" = $1 AND "ratings"."ratable_type" = $2[0m  [["ratable_id", 12], ["ratable_type", "Movie"]]
  [1m[35mCACHE (0.0ms)[0m  SELECT COUNT(*) FROM "ratings" WHERE "ratings"."ratable_id" = $1 AND "ratings"."ratable_type" = $2  [["ratable_id", 12], ["ratable_type", "Movie"]]
  [1m[36m (0.1ms)[0m  [1mSELECT COUNT(*) FROM "ratings" WHERE "ratings"."ratable_id" = $1 AND "ratings"."ratable_type" = $2[0m  [["ratable_id", 13], ["ratable_type", "Movie"]]
  [1m[35m (0.1ms)[0m  SELECT SUM("ratings"."value") FROM "ratings" WHERE "ratings"."ratable_id" = $1 AND "ratings"."ratable_type" = $2  [["ratable_id", 13], ["ratable_type", "Movie"]]
  [1m[36mCACHE (0.0ms)[0m  [1mSELECT COUNT(*) FROM "ratings" WHERE "ratings"."ratable_id" = $1 AND "ratings"."ratable_type" = $2[0m  [["ratable_id", 13], ["ratable_type", "Movie"]]
  [1m[35m (0.1ms)[0m  SELECT COUNT(*) FROM "ratings" WHERE "ratings"."ratable_id" = $1 AND "ratings"."ratable_type" = $2  [["ratable_id", 14], ["ratable_type", "Movie"]]
  [1m[36m (0.1ms)[0m  [1mSELECT SUM("ratings"."value") FROM "ratings" WHERE "ratings"."ratable_id" = $1 AND "ratings"."ratable_type" = $2[0m  [["ratable_id", 14], ["ratable_type", "Movie"]]
  [1m[35mCACHE (0.0ms)[0m  SELECT COUNT(*) FROM "ratings" WHERE "ratings"."ratable_id" = $1 AND "ratings"."ratable_type" = $2  [["ratable_id", 14], ["ratable_type", "Movie"]]
  [1m[36m (0.1ms)[0m  [1mSELECT COUNT(*) FROM "ratings" WHERE "ratings"."ratable_id" = $1 AND "ratings"."ratable_type" = $2[0m  [["ratable_id", 15], ["ratable_type", "Movie"]]
  [1m[35m (0.1ms)[0m  SELECT SUM("ratings"."value") FROM "ratings" WHERE "ratings"."ratable_id" = $1 AND "ratings"."ratable_type" = $2  [["ratable_id", 15], ["ratable_type", "Movie"]]
  [1m[36mCACHE (0.0ms)[0m  [1mSELECT COUNT(*) FROM "ratings" WHERE "ratings"."ratable_id" = $1 AND "ratings"."ratable_type" = $2[0m  [["ratable_id", 15], ["ratable_type", "Movie"]]
  [1m[35m (0.1ms)[0m  SELECT COUNT(*) FROM "ratings" WHERE "ratings"."ratable_id" = $1 AND "ratings"."ratable_type" = $2  [["ratable_id", 16], ["ratable_type", "Movie"]]
  [1m[36m (0.1ms)[0m  [1mSELECT SUM("ratings"."value") FROM "ratings" WHERE "ratings"."ratable_id" = $1 AND "ratings"."ratable_type" = $2[0m  [["ratable_id", 16], ["ratable_type", "Movie"]]
  [1m[35mCACHE (0.0ms)[0m  SELECT COUNT(*) FROM "ratings" WHERE "ratings"."ratable_id" = $1 AND "ratings"."ratable_type" = $2  [["ratable_id", 16], ["ratable_type", "Movie"]]
  [1m[36m (0.1ms)[0m  [1mSELECT COUNT(*) FROM "ratings" WHERE "ratings"."ratable_id" = $1 AND "ratings"."ratable_type" = $2[0m  [["ratable_id", 17], ["ratable_type", "Movie"]]
  [1m[35m (0.1ms)[0m  SELECT SUM("ratings"."value") FROM "ratings" WHERE "ratings"."ratable_id" = $1 AND "ratings"."ratable_type" = $2  [["ratable_id", 17], ["ratable_type", "Movie"]]
  [1m[36mCACHE (0.0ms)[0m  [1mSELECT COUNT(*) FROM "ratings" WHERE "ratings"."ratable_id" = $1 AND "ratings"."ratable_type" = $2[0m  [["ratable_id", 17], ["ratable_type", "Movie"]]
  [1m[35m (0.2ms)[0m  SELECT COUNT(*) FROM "ratings" WHERE "ratings"."ratable_id" = $1 AND "ratings"."ratable_type" = $2  [["ratable_id", 18], ["ratable_type", "Movie"]]
  [1m[36m (0.2ms)[0m  [1mSELECT SUM("ratings"."value") FROM "ratings" WHERE "ratings"."ratable_id" = $1 AND "ratings"."ratable_type" = $2[0m  [["ratable_id", 18], ["ratable_type", "Movie"]]
  [1m[35mCACHE (0.0ms)[0m  SELECT COUNT(*) FROM "ratings" WHERE "ratings"."ratable_id" = $1 AND "ratings"."ratable_type" = $2  [["ratable_id", 18], ["ratable_type", "Movie"]]
  [1m[36m (0.1ms)[0m  [1mSELECT COUNT(*) FROM "ratings" WHERE "ratings"."ratable_id" = $1 AND "ratings"."ratable_type" = $2[0m  [["ratable_id", 19], ["ratable_type", "Movie"]]
  [1m[35m (0.1ms)[0m  SELECT SUM("ratings"."value") FROM "ratings" WHERE "ratings"."ratable_id" = $1 AND "ratings"."ratable_type" = $2  [["ratable_id", 19], ["ratable_type", "Movie"]]
  [1m[36mCACHE (0.0ms)[0m  [1mSELECT COUNT(*) FROM "ratings" WHERE "ratings"."ratable_id" = $1 AND "ratings"."ratable_type" = $2[0m  [["ratable_id", 19], ["ratable_type", "Movie"]]
  [1m[35m (0.1ms)[0m  SELECT COUNT(*) FROM "ratings" WHERE "ratings"."ratable_id" = $1 AND "ratings"."ratable_type" = $2  [["ratable_id", 20], ["ratable_type", "Movie"]]
  [1m[36m (0.2ms)[0m  [1mSELECT SUM("ratings"."value") FROM "ratings" WHERE "ratings"."ratable_id" = $1 AND "ratings"."ratable_type" = $2[0m  [["ratable_id", 20], ["ratable_type", "Movie"]]
  [1m[35mCACHE (0.0ms)[0m  SELECT COUNT(*) FROM "ratings" WHERE "ratings"."ratable_id" = $1 AND "ratings"."ratable_type" = $2  [["ratable_id", 20], ["ratable_type", "Movie"]]
  [1m[36mGenre Load (0.3ms)[0m  [1mSELECT "genres".* FROM "genres"[0m
  [1m[35m (0.2ms)[0m  SELECT COUNT(*) FROM "movies" INNER JOIN "categorizations" ON "movies"."id" = "categorizations"."movie_id" WHERE "categorizations"."genre_id" = $1  [["genre_id", 1]]
  [1m[36m (0.1ms)[0m  [1mSELECT COUNT(*) FROM "movies" INNER JOIN "categorizations" ON "movies"."id" = "categorizations"."movie_id" WHERE "categorizations"."genre_id" = $1[0m  [["genre_id", 2]]
  [1m[35m (0.1ms)[0m  SELECT COUNT(*) FROM "movies" INNER JOIN "categorizations" ON "movies"."id" = "categorizations"."movie_id" WHERE "categorizations"."genre_id" = $1  [["genre_id", 3]]
  [1m[36m (0.1ms)[0m  [1mSELECT COUNT(*) FROM "movies" INNER JOIN "categorizations" ON "movies"."id" = "categorizations"."movie_id" WHERE "categorizations"."genre_id" = $1[0m  [["genre_id", 4]]
  [1m[35m (0.1ms)[0m  SELECT COUNT(*) FROM "movies" INNER JOIN "categorizations" ON "movies"."id" = "categorizations"."movie_id" WHERE "categorizations"."genre_id" = $1  [["genre_id", 5]]
  [1m[36m (0.1ms)[0m  [1mSELECT COUNT(*) FROM "movies" INNER JOIN "categorizations" ON "movies"."id" = "categorizations"."movie_id" WHERE "categorizations"."genre_id" = $1[0m  [["genre_id", 6]]
  [1m[35m (0.1ms)[0m  SELECT COUNT(*) FROM "movies" INNER JOIN "categorizations" ON "movies"."id" = "categorizations"."movie_id" WHERE "categorizations"."genre_id" = $1  [["genre_id", 7]]
  [1m[36m (0.1ms)[0m  [1mSELECT COUNT(*) FROM "movies" INNER JOIN "categorizations" ON "movies"."id" = "categorizations"."movie_id" WHERE "categorizations"."genre_id" = $1[0m  [["genre_id", 8]]
  [1m[35m (0.1ms)[0m  SELECT COUNT(*) FROM "movies" INNER JOIN "categorizations" ON "movies"."id" = "categorizations"."movie_id" WHERE "categorizations"."genre_id" = $1  [["genre_id", 9]]
  [1m[36m (0.1ms)[0m  [1mSELECT COUNT(*) FROM "movies" INNER JOIN "categorizations" ON "movies"."id" = "categorizations"."movie_id" WHERE "categorizations"."genre_id" = $1[0m  [["genre_id", 10]]
  [1m[35mCACHE (0.0ms)[0m  SELECT COUNT(*) FROM "ratings" WHERE "ratings"."ratable_id" = $1 AND "ratings"."ratable_type" = $2  [["ratable_id", 20], ["ratable_type", "Movie"]]
  [1m[36mCACHE (0.0ms)[0m  [1mSELECT SUM("ratings"."value") FROM "ratings" WHERE "ratings"."ratable_id" = $1 AND "ratings"."ratable_type" = $2[0m  [["ratable_id", 20], ["ratable_type", "Movie"]]
  [1m[35mCACHE (0.0ms)[0m  SELECT COUNT(*) FROM "ratings" WHERE "ratings"."ratable_id" = $1 AND "ratings"."ratable_type" = $2  [["ratable_id", 20], ["ratable_type", "Movie"]]
  [1m[36mCACHE (0.0ms)[0m  [1mSELECT COUNT(*) FROM "ratings" WHERE "ratings"."ratable_id" = $1 AND "ratings"."ratable_type" = $2[0m  [["ratable_id", 16], ["ratable_type", "Movie"]]
  [1m[35mCACHE (0.0ms)[0m  SELECT SUM("ratings"."value") FROM "ratings" WHERE "ratings"."ratable_id" = $1 AND "ratings"."ratable_type" = $2  [["ratable_id", 16], ["ratable_type", "Movie"]]
  [1m[36mCACHE (0.0ms)[0m  [1mSELECT COUNT(*) FROM "ratings" WHERE "ratings"."ratable_id" = $1 AND "ratings"."ratable_type" = $2[0m  [["ratable_id", 16], ["ratable_type", "Movie"]]
  [1m[35mCACHE (0.0ms)[0m  SELECT COUNT(*) FROM "ratings" WHERE "ratings"."ratable_id" = $1 AND "ratings"."ratable_type" = $2  [["ratable_id", 11], ["ratable_type", "Movie"]]
  [1m[36mCACHE (0.0ms)[0m  [1mSELECT SUM("ratings"."value") FROM "ratings" WHERE "ratings"."ratable_id" = $1 AND "ratings"."ratable_type" = $2[0m  [["ratable_id", 11], ["ratable_type", "Movie"]]
  [1m[35mCACHE (0.0ms)[0m  SELECT COUNT(*) FROM "ratings" WHERE "ratings"."ratable_id" = $1 AND "ratings"."ratable_type" = $2  [["ratable_id", 11], ["ratable_type", "Movie"]]
  [1m[36mCACHE (0.0ms)[0m  [1mSELECT COUNT(*) FROM "ratings" WHERE "ratings"."ratable_id" = $1 AND "ratings"."ratable_type" = $2[0m  [["ratable_id", 14], ["ratable_type", "Movie"]]
  [1m[35mCACHE (0.0ms)[0m  SELECT SUM("ratings"."value") FROM "ratings" WHERE "ratings"."ratable_id" = $1 AND "ratings"."ratable_type" = $2  [["ratable_id", 14], ["ratable_type", "Movie"]]
  [1m[36mCACHE (0.0ms)[0m  [1mSELECT COUNT(*) FROM "ratings" WHERE "ratings"."ratable_id" = $1 AND "ratings"."ratable_type" = $2[0m  [["ratable_id", 14], ["ratable_type", "Movie"]]
  [1m[35mCACHE (0.0ms)[0m  SELECT COUNT(*) FROM "ratings" WHERE "ratings"."ratable_id" = $1 AND "ratings"."ratable_type" = $2  [["ratable_id", 8], ["ratable_type", "Movie"]]
  [1m[36mCACHE (0.0ms)[0m  [1mSELECT SUM("ratings"."value") FROM "ratings" WHERE "ratings"."ratable_id" = $1 AND "ratings"."ratable_type" = $2[0m  [["ratable_id", 8], ["ratable_type", "Movie"]]
  [1m[35mCACHE (0.0ms)[0m  SELECT COUNT(*) FROM "ratings" WHERE "ratings"."ratable_id" = $1 AND "ratings"."ratable_type" = $2  [["ratable_id", 8], ["ratable_type", "Movie"]]
  [1m[36mCACHE (0.0ms)[0m  [1mSELECT COUNT(*) FROM "ratings" WHERE "ratings"."ratable_id" = $1 AND "ratings"."ratable_type" = $2[0m  [["ratable_id", 13], ["ratable_type", "Movie"]]
  [1m[35mCACHE (0.0ms)[0m  SELECT SUM("ratings"."value") FROM "ratings" WHERE "ratings"."ratable_id" = $1 AND "ratings"."ratable_type" = $2  [["ratable_id", 13], ["ratable_type", "Movie"]]
  [1m[36mCACHE (0.0ms)[0m  [1mSELECT COUNT(*) FROM "ratings" WHERE "ratings"."ratable_id" = $1 AND "ratings"."ratable_type" = $2[0m  [["ratable_id", 13], ["ratable_type", "Movie"]]
  [1m[35mCACHE (0.0ms)[0m  SELECT COUNT(*) FROM "ratings" WHERE "ratings"."ratable_id" = $1 AND "ratings"."ratable_type" = $2  [["ratable_id", 1], ["ratable_type", "Movie"]]
  [1m[36mCACHE (0.0ms)[0m  [1mSELECT SUM("ratings"."value") FROM "ratings" WHERE "ratings"."ratable_id" = $1 AND "ratings"."ratable_type" = $2[0m  [["ratable_id", 1], ["ratable_type", "Movie"]]
  [1m[35mCACHE (0.0ms)[0m  SELECT COUNT(*) FROM "ratings" WHERE "ratings"."ratable_id" = $1 AND "ratings"."ratable_type" = $2  [["ratable_id", 1], ["ratable_type", "Movie"]]
  [1m[36mCACHE (0.0ms)[0m  [1mSELECT COUNT(*) FROM "ratings" WHERE "ratings"."ratable_id" = $1 AND "ratings"."ratable_type" = $2[0m  [["ratable_id", 5], ["ratable_type", "Movie"]]
  [1m[35mCACHE (0.0ms)[0m  SELECT SUM("ratings"."value") FROM "ratings" WHERE "ratings"."ratable_id" = $1 AND "ratings"."ratable_type" = $2  [["ratable_id", 5], ["ratable_type", "Movie"]]
  [1m[36mCACHE (0.0ms)[0m  [1mSELECT COUNT(*) FROM "ratings" WHERE "ratings"."ratable_id" = $1 AND "ratings"."ratable_type" = $2[0m  [["ratable_id", 5], ["ratable_type", "Movie"]]
  [1m[35mCACHE (0.0ms)[0m  SELECT COUNT(*) FROM "ratings" WHERE "ratings"."ratable_id" = $1 AND "ratings"."ratable_type" = $2  [["ratable_id", 3], ["ratable_type", "Movie"]]
  [1m[36mCACHE (0.0ms)[0m  [1mSELECT SUM("ratings"."value") FROM "ratings" WHERE "ratings"."ratable_id" = $1 AND "ratings"."ratable_type" = $2[0m  [["ratable_id", 3], ["ratable_type", "Movie"]]
  [1m[35mCACHE (0.0ms)[0m  SELECT COUNT(*) FROM "ratings" WHERE "ratings"."ratable_id" = $1 AND "ratings"."ratable_type" = $2  [["ratable_id", 3], ["ratable_type", "Movie"]]
  [1m[36mCACHE (0.0ms)[0m  [1mSELECT COUNT(*) FROM "ratings" WHERE "ratings"."ratable_id" = $1 AND "ratings"."ratable_type" = $2[0m  [["ratable_id", 18], ["ratable_type", "Movie"]]
  [1m[35mCACHE (0.0ms)[0m  SELECT SUM("ratings"."value") FROM "ratings" WHERE "ratings"."ratable_id" = $1 AND "ratings"."ratable_type" = $2  [["ratable_id", 18], ["ratable_type", "Movie"]]
  [1m[36mCACHE (0.0ms)[0m  [1mSELECT COUNT(*) FROM "ratings" WHERE "ratings"."ratable_id" = $1 AND "ratings"."ratable_type" = $2[0m  [["ratable_id", 18], ["ratable_type", "Movie"]]
  [1m[35mReview Load (0.3ms)[0m  SELECT  "reviews".* FROM "reviews"  ORDER BY "reviews"."created_at" ASC LIMIT 10
  [1m[36mMovie Load (0.2ms)[0m  [1mSELECT  "movies".* FROM "movies" WHERE "movies"."id" = $1 LIMIT 1[0m  [["id", 1]]
  [1m[35mUser Load (0.1ms)[0m  SELECT  "users".* FROM "users" WHERE "users"."id" = $1 LIMIT 1  [["id", 2]]
  [1m[36mCACHE (0.0ms)[0m  [1mSELECT  "movies".* FROM "movies" WHERE "movies"."id" = $1 LIMIT 1[0m  [["id", 1]]
  [1m[35mUser Load (0.2ms)[0m  SELECT  "users".* FROM "users" WHERE "users"."id" = $1 LIMIT 1  [["id", 3]]
  [1m[36mCACHE (0.0ms)[0m  [1mSELECT  "movies".* FROM "movies" WHERE "movies"."id" = $1 LIMIT 1[0m  [["id", 1]]
  [1m[35mCACHE (0.0ms)[0m  SELECT  "users".* FROM "users" WHERE "users"."id" = $1 LIMIT 1  [["id", 3]]
  [1m[36mMovie Load (0.2ms)[0m  [1mSELECT  "movies".* FROM "movies" WHERE "movies"."id" = $1 LIMIT 1[0m  [["id", 2]]
  [1m[35mUser Load (0.1ms)[0m  SELECT  "users".* FROM "users" WHERE "users"."id" = $1 LIMIT 1  [["id", 1]]
  [1m[36mCACHE (0.0ms)[0m  [1mSELECT  "movies".* FROM "movies" WHERE "movies"."id" = $1 LIMIT 1[0m  [["id", 2]]
  [1m[35mCACHE (0.0ms)[0m  SELECT  "users".* FROM "users" WHERE "users"."id" = $1 LIMIT 1  [["id", 1]]
  [1m[36mCACHE (0.0ms)[0m  [1mSELECT  "movies".* FROM "movies" WHERE "movies"."id" = $1 LIMIT 1[0m  [["id", 2]]
  [1m[35mCACHE (0.0ms)[0m  SELECT  "users".* FROM "users" WHERE "users"."id" = $1 LIMIT 1  [["id", 2]]
  [1m[36mMovie Load (0.1ms)[0m  [1mSELECT  "movies".* FROM "movies" WHERE "movies"."id" = $1 LIMIT 1[0m  [["id", 3]]
  [1m[35mCACHE (0.0ms)[0m  SELECT  "users".* FROM "users" WHERE "users"."id" = $1 LIMIT 1  [["id", 2]]
  [1m[36mCACHE (0.0ms)[0m  [1mSELECT  "movies".* FROM "movies" WHERE "movies"."id" = $1 LIMIT 1[0m  [["id", 3]]
  [1m[35mUser Load (0.1ms)[0m  SELECT  "users".* FROM "users" WHERE "users"."id" = $1 LIMIT 1  [["id", 5]]
  [1m[36mCACHE (0.0ms)[0m  [1mSELECT  "movies".* FROM "movies" WHERE "movies"."id" = $1 LIMIT 1[0m  [["id", 3]]
  [1m[35mCACHE (0.0ms)[0m  SELECT  "users".* FROM "users" WHERE "users"."id" = $1 LIMIT 1  [["id", 2]]
  [1m[36mMovie Load (0.1ms)[0m  [1mSELECT  "movies".* FROM "movies" WHERE "movies"."id" = $1 LIMIT 1[0m  [["id", 4]]
  [1m[35mCACHE (0.0ms)[0m  SELECT  "users".* FROM "users" WHERE "users"."id" = $1 LIMIT 1  [["id", 5]]
  Rendered movies/index.html.erb within layouts/application (36.6ms)
  [1m[36mUser Load (0.2ms)[0m  [1mSELECT  "users".* FROM "users" WHERE "users"."id" IS NULL LIMIT 1[0m
Completed 200 OK in 98ms (Views: 38.5ms | ActiveRecord: 9.1ms)


Started GET "/movies/1" for ::1 at 2016-03-08 14:36:25 -0600
Processing by MoviesController#show as HTML
  Parameters: {"id"=>"1"}
  [1m[35mMovie Load (0.2ms)[0m  SELECT  "movies".* FROM "movies" WHERE "movies"."id" = $1 LIMIT 1  [["id", 1]]
  [1m[36m (0.2ms)[0m  [1mSELECT COUNT(*) FROM "ratings" WHERE "ratings"."ratable_id" = $1 AND "ratings"."ratable_type" = $2[0m  [["ratable_id", 1], ["ratable_type", "Movie"]]
  [1m[35m (0.1ms)[0m  SELECT SUM("ratings"."value") FROM "ratings" WHERE "ratings"."ratable_id" = $1 AND "ratings"."ratable_type" = $2  [["ratable_id", 1], ["ratable_type", "Movie"]]
  [1m[36mCACHE (0.0ms)[0m  [1mSELECT COUNT(*) FROM "ratings" WHERE "ratings"."ratable_id" = $1 AND "ratings"."ratable_type" = $2[0m  [["ratable_id", 1], ["ratable_type", "Movie"]]
  [1m[35mGenre Load (0.2ms)[0m  SELECT "genres".* FROM "genres" INNER JOIN "categorizations" ON "genres"."id" = "categorizations"."genre_id" WHERE "categorizations"."movie_id" = $1  [["movie_id", 1]]
  [1m[36mReview Load (0.2ms)[0m  [1mSELECT "reviews".* FROM "reviews" INNER JOIN "users" ON "users"."id" = "reviews"."user_id" WHERE "reviews"."movie_id" = $1 AND (users.is_trusted = true)[0m  [["movie_id", 1]]
  [1m[35mReview Load (0.2ms)[0m  SELECT "reviews".* FROM "reviews" INNER JOIN "users" ON "users"."id" = "reviews"."user_id" WHERE "reviews"."movie_id" = $1 AND (users.is_trusted = false)  [["movie_id", 1]]
  [1m[36mUser Load (0.1ms)[0m  [1mSELECT  "users".* FROM "users" WHERE "users"."id" = $1 LIMIT 1[0m  [["id", 2]]
  [1m[35mComment Load (0.4ms)[0m  SELECT "comments".* FROM "comments" WHERE "comments"."commentable_id" = $1 AND "comments"."commentable_type" = $2  [["commentable_id", 1], ["commentable_type", "Review"]]
  [1m[36mUser Load (0.2ms)[0m  [1mSELECT  "users".* FROM "users" WHERE "users"."id" = $1 LIMIT 1[0m  [["id", 5]]
  [1m[35mCACHE (0.0ms)[0m  SELECT  "users".* FROM "users" WHERE "users"."id" = $1 LIMIT 1  [["id", 5]]
  [1m[36mCACHE (0.0ms)[0m  [1mSELECT  "users".* FROM "users" WHERE "users"."id" = $1 LIMIT 1[0m  [["id", 5]]
  Rendered movies/_review.html.erb (19.8ms)
  [1m[35mUser Load (0.1ms)[0m  SELECT  "users".* FROM "users" WHERE "users"."id" = $1 LIMIT 1  [["id", 3]]
  [1m[36mComment Load (0.2ms)[0m  [1mSELECT "comments".* FROM "comments" WHERE "comments"."commentable_id" = $1 AND "comments"."commentable_type" = $2[0m  [["commentable_id", 3], ["commentable_type", "Review"]]
  [1m[35mCACHE (0.0ms)[0m  SELECT  "users".* FROM "users" WHERE "users"."id" = $1 LIMIT 1  [["id", 5]]
  [1m[36mUser Load (0.1ms)[0m  [1mSELECT  "users".* FROM "users" WHERE "users"."id" = $1 LIMIT 1[0m  [["id", 1]]
  [1m[35mCACHE (0.0ms)[0m  SELECT  "users".* FROM "users" WHERE "users"."id" = $1 LIMIT 1  [["id", 5]]
  Rendered movies/_review.html.erb (2.5ms)
  [1m[36mCACHE (0.0ms)[0m  [1mSELECT  "users".* FROM "users" WHERE "users"."id" = $1 LIMIT 1[0m  [["id", 3]]
  [1m[35mComment Load (0.2ms)[0m  SELECT "comments".* FROM "comments" WHERE "comments"."commentable_id" = $1 AND "comments"."commentable_type" = $2  [["commentable_id", 2], ["commentable_type", "Review"]]
  [1m[36mCACHE (0.0ms)[0m  [1mSELECT  "users".* FROM "users" WHERE "users"."id" = $1 LIMIT 1[0m  [["id", 3]]
  [1m[35mCACHE (0.0ms)[0m  SELECT  "users".* FROM "users" WHERE "users"."id" = $1 LIMIT 1  [["id", 5]]
  [1m[36mCACHE (0.0ms)[0m  [1mSELECT  "users".* FROM "users" WHERE "users"."id" = $1 LIMIT 1[0m  [["id", 3]]
  Rendered movies/_review.html.erb (5.9ms)
  [1m[35mComment Load (0.2ms)[0m  SELECT "comments".* FROM "comments" WHERE "comments"."commentable_id" = $1 AND "comments"."commentable_type" = $2  [["commentable_id", 1], ["commentable_type", "Movie"]]
  [1m[36mCACHE (0.0ms)[0m  [1mSELECT  "users".* FROM "users" WHERE "users"."id" = $1 LIMIT 1[0m  [["id", 3]]
  [1m[35mCACHE (0.0ms)[0m  SELECT  "users".* FROM "users" WHERE "users"."id" = $1 LIMIT 1  [["id", 3]]
  [1m[36mCACHE (0.0ms)[0m  [1mSELECT  "users".* FROM "users" WHERE "users"."id" = $1 LIMIT 1[0m  [["id", 2]]
  Rendered movies/show.html.erb within layouts/application (49.2ms)
  [1m[35mUser Load (0.2ms)[0m  SELECT  "users".* FROM "users" WHERE "users"."id" IS NULL LIMIT 1
Completed 200 OK in 54ms (Views: 48.9ms | ActiveRecord: 4.0ms)


Started GET "/movies/14" for ::1 at 2016-03-08 14:36:27 -0600
Processing by MoviesController#show as HTML
  Parameters: {"id"=>"14"}
  [1m[36mMovie Load (0.1ms)[0m  [1mSELECT  "movies".* FROM "movies" WHERE "movies"."id" = $1 LIMIT 1[0m  [["id", 14]]
  [1m[35m (0.1ms)[0m  SELECT COUNT(*) FROM "ratings" WHERE "ratings"."ratable_id" = $1 AND "ratings"."ratable_type" = $2  [["ratable_id", 14], ["ratable_type", "Movie"]]
  [1m[36m (0.1ms)[0m  [1mSELECT SUM("ratings"."value") FROM "ratings" WHERE "ratings"."ratable_id" = $1 AND "ratings"."ratable_type" = $2[0m  [["ratable_id", 14], ["ratable_type", "Movie"]]
  [1m[35mCACHE (0.0ms)[0m  SELECT COUNT(*) FROM "ratings" WHERE "ratings"."ratable_id" = $1 AND "ratings"."ratable_type" = $2  [["ratable_id", 14], ["ratable_type", "Movie"]]
  [1m[36mGenre Load (0.2ms)[0m  [1mSELECT "genres".* FROM "genres" INNER JOIN "categorizations" ON "genres"."id" = "categorizations"."genre_id" WHERE "categorizations"."movie_id" = $1[0m  [["movie_id", 14]]
  [1m[35mReview Load (0.2ms)[0m  SELECT "reviews".* FROM "reviews" INNER JOIN "users" ON "users"."id" = "reviews"."user_id" WHERE "reviews"."movie_id" = $1 AND (users.is_trusted = true)  [["movie_id", 14]]
  [1m[36mReview Load (0.2ms)[0m  [1mSELECT "reviews".* FROM "reviews" INNER JOIN "users" ON "users"."id" = "reviews"."user_id" WHERE "reviews"."movie_id" = $1 AND (users.is_trusted = false)[0m  [["movie_id", 14]]
  [1m[35mUser Load (0.2ms)[0m  SELECT  "users".* FROM "users" WHERE "users"."id" = $1 LIMIT 1  [["id", 2]]
  [1m[36mComment Load (0.2ms)[0m  [1mSELECT "comments".* FROM "comments" WHERE "comments"."commentable_id" = $1 AND "comments"."commentable_type" = $2[0m  [["commentable_id", 41], ["commentable_type", "Review"]]
  [1m[35mUser Load (0.1ms)[0m  SELECT  "users".* FROM "users" WHERE "users"."id" = $1 LIMIT 1  [["id", 1]]
  [1m[36mCACHE (0.0ms)[0m  [1mSELECT  "users".* FROM "users" WHERE "users"."id" = $1 LIMIT 1[0m  [["id", 1]]
  [1m[35mCACHE (0.0ms)[0m  SELECT  "users".* FROM "users" WHERE "users"."id" = $1 LIMIT 1  [["id", 2]]
  Rendered movies/_review.html.erb (3.2ms)
  [1m[36mUser Load (0.1ms)[0m  [1mSELECT  "users".* FROM "users" WHERE "users"."id" = $1 LIMIT 1[0m  [["id", 3]]
  [1m[35mComment Load (0.2ms)[0m  SELECT "comments".* FROM "comments" WHERE "comments"."commentable_id" = $1 AND "comments"."commentable_type" = $2  [["commentable_id", 42], ["commentable_type", "Review"]]
  [1m[36mUser Load (0.1ms)[0m  [1mSELECT  "users".* FROM "users" WHERE "users"."id" = $1 LIMIT 1[0m  [["id", 5]]
  [1m[35mCACHE (0.0ms)[0m  SELECT  "users".* FROM "users" WHERE "users"."id" = $1 LIMIT 1  [["id", 5]]
  [1m[36mCACHE (0.0ms)[0m  [1mSELECT  "users".* FROM "users" WHERE "users"."id" = $1 LIMIT 1[0m  [["id", 2]]
  Rendered movies/_review.html.erb (2.6ms)
  [1m[35mCACHE (0.0ms)[0m  SELECT  "users".* FROM "users" WHERE "users"."id" = $1 LIMIT 1  [["id", 3]]
  [1m[36mComment Load (0.1ms)[0m  [1mSELECT "comments".* FROM "comments" WHERE "comments"."commentable_id" = $1 AND "comments"."commentable_type" = $2[0m  [["commentable_id", 40], ["commentable_type", "Review"]]
  [1m[35mCACHE (0.0ms)[0m  SELECT  "users".* FROM "users" WHERE "users"."id" = $1 LIMIT 1  [["id", 5]]
  [1m[36mCACHE (0.0ms)[0m  [1mSELECT  "users".* FROM "users" WHERE "users"."id" = $1 LIMIT 1[0m  [["id", 1]]
  [1m[35mCACHE (0.0ms)[0m  SELECT  "users".* FROM "users" WHERE "users"."id" = $1 LIMIT 1  [["id", 5]]
  Rendered movies/_review.html.erb (2.0ms)
  [1m[36mComment Load (0.1ms)[0m  [1mSELECT "comments".* FROM "comments" WHERE "comments"."commentable_id" = $1 AND "comments"."commentable_type" = $2[0m  [["commentable_id", 14], ["commentable_type", "Movie"]]
  [1m[35mCACHE (0.0ms)[0m  SELECT  "users".* FROM "users" WHERE "users"."id" = $1 LIMIT 1  [["id", 3]]
  [1m[36mCACHE (0.0ms)[0m  [1mSELECT  "users".* FROM "users" WHERE "users"."id" = $1 LIMIT 1[0m  [["id", 5]]
  [1m[35mCACHE (0.0ms)[0m  SELECT  "users".* FROM "users" WHERE "users"."id" = $1 LIMIT 1  [["id", 2]]
  Rendered movies/show.html.erb within layouts/application (17.7ms)
  [1m[36mUser Load (0.2ms)[0m  [1mSELECT  "users".* FROM "users" WHERE "users"."id" IS NULL LIMIT 1[0m
Completed 200 OK in 22ms (Views: 19.0ms | ActiveRecord: 2.5ms)
